[0m15:14:40.668777 [debug] [MainThread]: Sending event: {'category': 'dbt', 'action': 'invocation', 'label': 'start', 'context': [<snowplow_tracker.self_describing_json.SelfDescribingJson object at 0x000001FECF9D6C30>, <snowplow_tracker.self_describing_json.SelfDescribingJson object at 0x000001FECC5F7E00>, <snowplow_tracker.self_describing_json.SelfDescribingJson object at 0x000001FED02F1820>]}


============================== 15:14:40.673775 | 7b5baaf4-95cf-4f08-81e5-a2d4376d8151 ==============================
[0m15:14:40.673775 [info ] [MainThread]: Running with dbt=1.8.5
[0m15:14:40.673775 [debug] [MainThread]: running dbt with arguments {'printer_width': '80', 'indirect_selection': 'eager', 'write_json': 'True', 'log_cache_events': 'False', 'partial_parse': 'True', 'cache_selected_only': 'False', 'warn_error': 'None', 'version_check': 'True', 'fail_fast': 'False', 'log_path': 'logs', 'debug': 'False', 'profiles_dir': 'C:\\Users\\Ewen\\.dbt', 'use_colors': 'True', 'use_experimental_parser': 'False', 'empty': 'None', 'quiet': 'False', 'no_print': 'None', 'log_format': 'default', 'introspect': 'True', 'warn_error_options': 'WarnErrorOptions(include=[], exclude=[])', 'invocation_command': 'dbt ', 'target_path': 'None', 'static_parser': 'True', 'send_anonymous_usage_stats': 'True'}
[0m15:14:40.674775 [error] [MainThread]: Encountered an error:
Runtime Error
  No dbt_project.yml found at expected path c:\Users\Ewen\Untitled Folder\end-to-end\modeling\dbt_project.yml
  Verify that each entry within packages.yml (and their transitive dependencies) contains a file named dbt_project.yml
  
[0m15:14:40.676774 [debug] [MainThread]: Command `cli deps` failed at 15:14:40.676774 after 0.18 seconds
[0m15:14:40.676774 [debug] [MainThread]: Sending event: {'category': 'dbt', 'action': 'invocation', 'label': 'end', 'context': [<snowplow_tracker.self_describing_json.SelfDescribingJson object at 0x000001FECFB0DF40>, <snowplow_tracker.self_describing_json.SelfDescribingJson object at 0x000001FECF7A6240>, <snowplow_tracker.self_describing_json.SelfDescribingJson object at 0x000001FED026B2C0>]}
[0m15:14:40.677776 [debug] [MainThread]: Flushing usage events
[0m15:14:40.680775 [debug] [MainThread]: Sending event: {'category': 'dbt', 'action': 'invocation', 'label': 'start', 'context': [<snowplow_tracker.self_describing_json.SelfDescribingJson object at 0x00000291A7352A20>, <snowplow_tracker.self_describing_json.SelfDescribingJson object at 0x00000291A798C9E0>, <snowplow_tracker.self_describing_json.SelfDescribingJson object at 0x00000291A798D100>]}


============================== 15:14:40.684774 | d27f0a19-ad87-42a3-9ed9-e87932137b33 ==============================
[0m15:14:40.684774 [info ] [MainThread]: Running with dbt=1.8.5
[0m15:14:40.685774 [debug] [MainThread]: running dbt with arguments {'printer_width': '80', 'indirect_selection': 'eager', 'log_cache_events': 'False', 'write_json': 'True', 'partial_parse': 'True', 'cache_selected_only': 'False', 'profiles_dir': 'C:\\Users\\Ewen\\.dbt', 'debug': 'False', 'version_check': 'True', 'log_path': 'logs', 'warn_error': 'None', 'fail_fast': 'False', 'use_colors': 'True', 'use_experimental_parser': 'False', 'no_print': 'None', 'quiet': 'False', 'empty': 'None', 'warn_error_options': 'WarnErrorOptions(include=[], exclude=[])', 'invocation_command': 'dbt ', 'introspect': 'True', 'static_parser': 'True', 'target_path': 'None', 'log_format': 'default', 'send_anonymous_usage_stats': 'True'}
[0m15:14:40.686776 [error] [MainThread]: Encountered an error:
Runtime Error
  No dbt_project.yml found at expected path c:\Users\Ewen\Untitled Folder\end-to-end\modeling\dbt_project.yml
  Verify that each entry within packages.yml (and their transitive dependencies) contains a file named dbt_project.yml
  
[0m15:14:40.687774 [debug] [MainThread]: Command `cli deps` failed at 15:14:40.687774 after 0.16 seconds
[0m15:14:40.687774 [debug] [MainThread]: Sending event: {'category': 'dbt', 'action': 'invocation', 'label': 'end', 'context': [<snowplow_tracker.self_describing_json.SelfDescribingJson object at 0x00000291A714DEE0>, <snowplow_tracker.self_describing_json.SelfDescribingJson object at 0x00000291A7E8C6B0>, <snowplow_tracker.self_describing_json.SelfDescribingJson object at 0x00000291A7D4C800>]}
[0m15:14:40.688775 [debug] [MainThread]: Flushing usage events
